TN:
SF:linkedLists.js
FN:2,(anonymous_0)
FN:7,(anonymous_1)
FN:13,(anonymous_2)
FN:27,(anonymous_3)
FN:39,(anonymous_4)
FN:45,(anonymous_5)
FN:55,(anonymous_6)
FN:72,(anonymous_7)
FN:88,(anonymous_8)
FN:103,(anonymous_9)
FN:120,(anonymous_10)
FN:131,(anonymous_11)
FN:146,(anonymous_12)
FN:165,(anonymous_13)
FNF:14
FNH:12
FNDA:1,(anonymous_0)
FNDA:27,(anonymous_1)
FNDA:0,(anonymous_2)
FNDA:2,(anonymous_3)
FNDA:1,(anonymous_4)
FNDA:1,(anonymous_5)
FNDA:3,(anonymous_6)
FNDA:1,(anonymous_7)
FNDA:1,(anonymous_8)
FNDA:1,(anonymous_9)
FNDA:0,(anonymous_10)
FNDA:1,(anonymous_11)
FNDA:1,(anonymous_12)
FNDA:27,(anonymous_13)
DA:3,1
DA:4,1
DA:8,27
DA:9,27
DA:10,27
DA:14,0
DA:15,0
DA:16,0
DA:18,0
DA:19,0
DA:20,0
DA:22,0
DA:24,0
DA:28,2
DA:29,2
DA:30,2
DA:31,17
DA:32,17
DA:34,2
DA:35,2
DA:36,2
DA:40,1
DA:41,1
DA:42,1
DA:46,1
DA:47,1
DA:48,8
DA:50,1
DA:51,1
DA:52,1
DA:56,3
DA:57,3
DA:59,3
DA:60,6
DA:61,3
DA:62,3
DA:63,3
DA:65,3
DA:66,3
DA:68,0
DA:69,0
DA:73,1
DA:74,0
DA:75,1
DA:76,0
DA:77,0
DA:80,1
DA:81,1
DA:82,13
DA:85,1
DA:89,1
DA:90,1
DA:91,2
DA:92,1
DA:93,1
DA:94,1
DA:96,1
DA:98,0
DA:99,0
DA:100,0
DA:104,1
DA:105,1
DA:106,1
DA:107,2
DA:108,1
DA:109,1
DA:110,1
DA:112,1
DA:113,1
DA:115,0
DA:116,0
DA:117,0
DA:121,0
DA:122,0
DA:123,0
DA:124,0
DA:125,0
DA:127,0
DA:128,0
DA:132,1
DA:133,0
DA:134,0
DA:136,1
DA:137,1
DA:138,0
DA:139,0
DA:140,0
DA:142,1
DA:143,1
DA:147,1
DA:148,0
DA:149,0
DA:151,1
DA:152,1
DA:153,0
DA:155,1
DA:156,0
DA:158,1
DA:160,1
DA:166,27
DA:167,27
DA:171,1
LF:102
LH:67
BRDA:15,0,0,0
BRDA:15,0,1,0
BRDA:60,1,0,3
BRDA:60,1,1,3
BRDA:73,2,0,0
BRDA:73,2,1,1
BRDA:75,3,0,0
BRDA:75,3,1,1
BRDA:91,4,0,1
BRDA:91,4,1,1
BRDA:107,5,0,1
BRDA:107,5,1,1
BRDA:132,6,0,0
BRDA:132,6,1,1
BRDA:132,7,0,1
BRDA:132,7,1,1
BRDA:138,8,0,0
BRDA:138,8,1,0
BRDA:147,9,0,0
BRDA:147,9,1,1
BRDA:147,10,0,1
BRDA:147,10,1,1
BRDA:147,10,2,1
BRDA:152,11,0,0
BRDA:152,11,1,1
BRF:25
BRH:16
end_of_record
